info @storybook/vue3 v6.5.16
info 
info => Cleaning outputDir: C:\Users\jacka\AppData\Local\Temp\chromatic--9844-T6zOroQ4bGrI
info => Loading presets
info => Compiling manager..
info => Compiling preview..
info Addon-docs: using MDX1
info => Using PostCSS preset with postcss@7.0.39
info => Using default Webpack5 setup
<s> [webpack.Progress] 0% 

<s> [webpack.Progress] 1% setup before run
<s> [webpack.Progress] 1% setup before run NodeEnvironmentPlugin
<s> [webpack.Progress] 1% setup before run
<s> [webpack.Progress] 2% setup run
<s> [webpack.Progress] 2% setup run
<s> [webpack.Progress] 4% setup normal module factory
<s> [webpack.Progress] 4% setup normal module factory CaseSensitivePathsPlugin
<s> [webpack.Progress] 4% setup normal module factory
<s> [webpack.Progress] 5% setup context module factory
<s> [webpack.Progress] 5% setup context module factory
<s> [webpack.Progress] 6% setup before compile
<s> [webpack.Progress] 6% setup before compile ProgressPlugin
<s> [webpack.Progress] 6% setup before compile
<s> [webpack.Progress] 7% setup compile
<s> [webpack.Progress] 7% setup compile ExternalsPlugin
<s> [webpack.Progress] 7% setup compile
<s> [webpack.Progress] 8% setup compilation
<s> [webpack.Progress] 8% setup compilation ArrayPushCallbackChunkFormatPlugin
<s> [webpack.Progress] 8% setup compilation JsonpChunkLoadingPlugin
<s> [webpack.Progress] 8% setup compilation StartupChunkDependenciesPlugin
<s> [webpack.Progress] 8% setup compilation ImportScriptsChunkLoadingPlugin
<s> [webpack.Progress] 8% setup compilation FetchCompileWasmPlugin
<s> [webpack.Progress] 8% setup compilation FetchCompileAsyncWasmPlugin
<s> [webpack.Progress] 8% setup compilation WorkerPlugin
<s> [webpack.Progress] 8% setup compilation SplitChunksPlugin
<s> [webpack.Progress] 8% setup compilation RuntimeChunkPlugin
<s> [webpack.Progress] 8% setup compilation ResolverCachePlugin
<s> [webpack.Progress] 8% setup compilation HtmlWebpackPlugin
<s> [webpack.Progress] 8% setup compilation
<s> [webpack.Progress] 9% setup compilation
<s> [webpack.Progress] 9% setup compilation DefinePlugin
<s> [webpack.Progress] 9% setup compilation ProvidePlugin
<s> [webpack.Progress] 9% setup compilation ProgressPlugin
<s> [webpack.Progress] 9% setup compilation vue-loader-plugin
<s> [webpack.Progress] 9% setup compilation DefinePlugin
<s> [webpack.Progress] 9% setup compilation ChunkPrefetchPreloadPlugin
<s> [webpack.Progress] 9% setup compilation SourceMapDevToolPlugin
<s> [webpack.Progress] 9% setup compilation JavascriptModulesPlugin
<s> [webpack.Progress] 9% setup compilation JsonModulesPlugin
<s> [webpack.Progress] 9% setup compilation AssetModulesPlugin
<s> [webpack.Progress] 9% setup compilation EntryPlugin
<s> [webpack.Progress] 9% setup compilation EntryPlugin
<s> [webpack.Progress] 9% setup compilation EntryPlugin
<s> [webpack.Progress] 9% setup compilation EntryPlugin
<s> [webpack.Progress] 9% setup compilation EntryPlugin
<s> [webpack.Progress] 9% setup compilation EntryPlugin
<s> [webpack.Progress] 9% setup compilation EntryPlugin
<s> [webpack.Progress] 9% setup compilation EntryPlugin
<s> [webpack.Progress] 9% setup compilation EntryPlugin
<s> [webpack.Progress] 9% setup compilation EntryPlugin
<s> [webpack.Progress] 9% setup compilation EntryPlugin
<s> [webpack.Progress] 9% setup compilation EntryPlugin
<s> [webpack.Progress] 9% setup compilation EntryPlugin
<s> [webpack.Progress] 9% setup compilation EntryPlugin
<s> [webpack.Progress] 9% setup compilation RuntimePlugin
<s> [webpack.Progress] 9% setup compilation InferAsyncModulesPlugin
<s> [webpack.Progress] 9% setup compilation DataUriPlugin
<s> [webpack.Progress] 9% setup compilation FileUriPlugin
<s> [webpack.Progress] 9% setup compilation CompatibilityPlugin
<s> [webpack.Progress] 9% setup compilation HarmonyModulesPlugin
<s> [webpack.Progress] 9% setup compilation AMDPlugin
<s> [webpack.Progress] 9% setup compilation RequireJsStuffPlugin
<s> [webpack.Progress] 9% setup compilation CommonJsPlugin
<s> [webpack.Progress] 9% setup compilation LoaderPlugin
<s> [webpack.Progress] 9% setup compilation LoaderPlugin
<s> [webpack.Progress] 9% setup compilation NodeStuffPlugin
<s> [webpack.Progress] 9% setup compilation APIPlugin
<s> [webpack.Progress] 9% setup compilation ExportsInfoApiPlugin
<s> [webpack.Progress] 9% setup compilation WebpackIsIncludedPlugin
<s> [webpack.Progress] 9% setup compilation ConstPlugin
<s> [webpack.Progress] 9% setup compilation UseStrictPlugin
<s> [webpack.Progress] 9% setup compilation RequireIncludePlugin
<s> [webpack.Progress] 9% setup compilation RequireEnsurePlugin
<s> [webpack.Progress] 9% setup compilation RequireContextPlugin
<s> [webpack.Progress] 9% setup compilation ImportPlugin
<s> [webpack.Progress] 9% setup compilation RequireContextPlugin
<s> [webpack.Progress] 9% setup compilation SystemPlugin
<s> [webpack.Progress] 9% setup compilation ImportMetaPlugin
<s> [webpack.Progress] 9% setup compilation URLPlugin
<s> [webpack.Progress] 9% setup compilation DefaultStatsFactoryPlugin
<s> [webpack.Progress] 9% setup compilation DefaultStatsPresetPlugin
<s> [webpack.Progress] 9% setup compilation DefaultStatsPrinterPlugin
<s> [webpack.Progress] 9% setup compilation JavascriptMetaInfoPlugin
<s> [webpack.Progress] 9% setup compilation EnsureChunkConditionsPlugin
<s> [webpack.Progress] 9% setup compilation RemoveEmptyChunksPlugin
<s> [webpack.Progress] 9% setup compilation MergeDuplicateChunksPlugin
<s> [webpack.Progress] 9% setup compilation FlagIncludedChunksPlugin
<s> [webpack.Progress] 9% setup compilation SideEffectsFlagPlugin
<s> [webpack.Progress] 9% setup compilation FlagDependencyExportsPlugin
<s> [webpack.Progress] 9% setup compilation FlagDependencyUsagePlugin
<s> [webpack.Progress] 9% setup compilation InnerGraphPlugin
<s> [webpack.Progress] 9% setup compilation MangleExportsPlugin
<s> [webpack.Progress] 9% setup compilation ModuleConcatenationPlugin
<s> [webpack.Progress] 9% setup compilation NoEmitOnErrorsPlugin
<s> [webpack.Progress] 9% setup compilation RealContentHashPlugin
<s> [webpack.Progress] 9% setup compilation WasmFinalizeExportsPlugin
<s> [webpack.Progress] 9% setup compilation NamedModuleIdsPlugin
<s> [webpack.Progress] 9% setup compilation DeterministicChunkIdsPlugin
<s> [webpack.Progress] 9% setup compilation DefinePlugin
<s> [webpack.Progress] 9% setup compilation TerserPlugin
<s> [webpack.Progress] 9% setup compilation TemplatedPathPlugin
<s> [webpack.Progress] 9% setup compilation RecordIdsPlugin
<s> [webpack.Progress] 9% setup compilation WarnCaseSensitiveModulesPlugin
<s> [webpack.Progress] 9% setup compilation IgnoreWarningsPlugin
<s> [webpack.Progress] 9% setup compilation
<s> [webpack.Progress] 10% building
<s> [webpack.Progress] 10% building 0/1 entries 0/0 dependencies 0/0 modules
<s> [webpack.Progress] 10% building import loader ./node_modules/babel-loader/lib/index.js
<s> [webpack.Progress] 10% building 0/14 entries 20/32 dependencies 0/19 modules
<s> [webpack.Progress] 13% building 1/14 entries 36/61 dependencies 2/33 modules
<s> [webpack.Progress] 13% building import loader ./node_modules/@storybook/source-loader/dist/cjs/index.js
<s> [webpack.Progress] 13% building 1/14 entries 57/111 dependencies 3/45 modules
<s> [webpack.Progress] 13% building 1/14 entries 278/337 dependencies 9/162 modules
<s> [webpack.Progress] 17% building 2/14 entries 280/597 dependencies 12/162 modules
<s> [webpack.Progress] 17% building import loader ./node_modules/vue-docgen-loader/lib/index.js
<s> [webpack.Progress] 17% building import loader ./node_modules/vue-loader/dist/index.js
<s> [webpack.Progress] 17% building 2/14 entries 625/645 dependencies 28/261 modules
<s> [webpack.Progress] 17% building 2/14 entries 837/1205 dependencies 43/289 modules
<s> [webpack.Progress] 17% building import loader ./node_modules/vue-loader/dist/pitcher.js
<s> [webpack.Progress] 17% building 2/14 entries 1461/1523 dependencies 150/358 modules
<s> [webpack.Progress] 17% building import loader ./node_modules/vue-loader/dist/templateLoader.js
<s> [webpack.Progress] 17% building 2/14 entries 1461/1523 dependencies 150/358 modules
<s> [webpack.Progress] 17% building import loader ./node_modules/@storybook/addon-postcss/node_modules/style-loader/dist/cjs.js
<s> [webpack.Progress] 17% building import loader ./node_modules/@storybook/addon-postcss/node_modules/css-loader/dist/cjs.js
<s> [webpack.Progress] 17% building import loader ./node_modules/@storybook/addon-postcss/node_modules/postcss-loader/dist/cjs.js
<s> [webpack.Progress] 17% building 2/14 entries 1914/2011 dependencies 218/440 modules
<s> [webpack.Progress] 17% building import loader ./node_modules/vue-loader/dist/stylePostLoader.js
<s> [webpack.Progress] 17% building 2/14 entries 1995/2013 dependencies 227/454 modules
<s> [webpack.Progress] 21% building 3/14 entries 2205/2349 dependencies 331/460 modules
<s> [webpack.Progress] 99% cache begin idle
<s> [webpack.Progress] 99% cache begin idle
<s> [webpack.Progress] 100% 

ERR! => Failed to build the preview
ERR! Module not found: Error: Can't resolve './button.css' in 'C:\Users\jacka\vuewebsite\src\components'
<s> [webpack.Progress] 99% cache shutdown
<s> [webpack.Progress] 99% cache shutdown
<s> [webpack.Progress] 100% 

<s> [webpack.Progress] 25% building 4/14 entries 2279/2349 dependencies 367/460 modules
<s> [webpack.Progress] 29% building 5/14 entries 2279/2349 dependencies 371/460 modules
<s> [webpack.Progress] 33% building 6/14 entries 2279/2349 dependencies 386/460 modules
<s> [webpack.Progress] 37% building 7/14 entries 2279/2349 dependencies 389/460 modules
<s> [webpack.Progress] 41% building 8/14 entries 2279/2349 dependencies 390/460 modules
<s> [webpack.Progress] 45% building 9/14 entries 2279/2349 dependencies 391/460 modules
<s> [webpack.Progress] 49% building 10/14 entries 2279/2349 dependencies 392/460 modules
<s> [webpack.Progress] 53% building 11/14 entries 2279/2349 dependencies 393/460 modules
<s> [webpack.Progress] 57% building 12/14 entries 2279/2349 dependencies 394/460 modules
<s> [webpack.Progress] 61% building 13/14 entries 2279/2349 dependencies 395/460 modules
<s> [webpack.Progress] 63% building 14/14 entries 2279/2349 dependencies 396/460 modules
info => Manager built (14 s)
ERR! ModuleNotFoundError: Module not found: Error: Can't resolve './button.css' in 'C:\Users\jacka\vuewebsite\src\components'
ERR!     at C:\Users\jacka\vuewebsite\node_modules\webpack\lib\Compilation.js:2016:28
ERR!     at C:\Users\jacka\vuewebsite\node_modules\webpack\lib\NormalModuleFactory.js:798:13
ERR!     at eval (eval at create (C:\Users\jacka\vuewebsite\node_modules\tapable\lib\HookCodeFactory.js:33:10), <anonymous>:10:1)
ERR!     at C:\Users\jacka\vuewebsite\node_modules\webpack\lib\NormalModuleFactory.js:270:22
ERR!     at eval (eval at create (C:\Users\jacka\vuewebsite\node_modules\tapable\lib\HookCodeFactory.js:33:10), <anonymous>:9:1)
ERR!     at C:\Users\jacka\vuewebsite\node_modules\webpack\lib\NormalModuleFactory.js:434:22
ERR!     at C:\Users\jacka\vuewebsite\node_modules\webpack\lib\NormalModuleFactory.js:116:11
ERR!     at C:\Users\jacka\vuewebsite\node_modules\webpack\lib\NormalModuleFactory.js:670:25
ERR!     at C:\Users\jacka\vuewebsite\node_modules\webpack\lib\NormalModuleFactory.js:855:8
ERR!     at C:\Users\jacka\vuewebsite\node_modules\webpack\lib\NormalModuleFactory.js:975:5
ERR!     at C:\Users\jacka\vuewebsite\node_modules\neo-async\async.js:6883:13
ERR!     at Array.<anonymous> (C:\Users\jacka\vuewebsite\node_modules\webpack\lib\NormalModuleFactory.js:950:14)
ERR!     at arrayEachFunc (C:\Users\jacka\vuewebsite\node_modules\neo-async\async.js:2517:19)
ERR!     at Object.parallel (C:\Users\jacka\vuewebsite\node_modules\neo-async\async.js:6858:9)
ERR!     at NormalModuleFactory._resolveResourceErrorHints (C:\Users\jacka\vuewebsite\node_modules\webpack\lib\NormalModuleFactory.js:873:12)
ERR!     at C:\Users\jacka\vuewebsite\node_modules\webpack\lib\NormalModuleFactory.js:834:18
ERR!     at finishWithoutResolve (C:\Users\jacka\vuewebsite\node_modules\enhanced-resolve\lib\Resolver.js:312:11)
ERR!     at C:\Users\jacka\vuewebsite\node_modules\enhanced-resolve\lib\Resolver.js:386:15
ERR!     at C:\Users\jacka\vuewebsite\node_modules\enhanced-resolve\lib\Resolver.js:435:5
ERR!     at eval (eval at create (C:\Users\jacka\vuewebsite\node_modules\tapable\lib\HookCodeFactory.js:33:10), <anonymous>:15:1)
ERR!     at C:\Users\jacka\vuewebsite\node_modules\enhanced-resolve\lib\Resolver.js:435:5
ERR!     at eval (eval at create (C:\Users\jacka\vuewebsite\node_modules\tapable\lib\HookCodeFactory.js:33:10), <anonymous>:27:1)
ERR!     at C:\Users\jacka\vuewebsite\node_modules\enhanced-resolve\lib\DescriptionFilePlugin.js:87:43
ERR!     at C:\Users\jacka\vuewebsite\node_modules\enhanced-resolve\lib\Resolver.js:435:5
ERR!     at eval (eval at create (C:\Users\jacka\vuewebsite\node_modules\tapable\lib\HookCodeFactory.js:33:10), <anonymous>:16:1)
ERR!     at C:\Users\jacka\vuewebsite\node_modules\enhanced-resolve\lib\forEachBail.js:16:12
ERR!     at C:\Users\jacka\vuewebsite\node_modules\enhanced-resolve\lib\AliasPlugin.js:125:14
ERR!     at next (C:\Users\jacka\vuewebsite\node_modules\enhanced-resolve\lib\forEachBail.js:14:3)
ERR!     at forEachBail (C:\Users\jacka\vuewebsite\node_modules\enhanced-resolve\lib\forEachBail.js:24:9)
ERR!     at C:\Users\jacka\vuewebsite\node_modules\enhanced-resolve\lib\AliasPlugin.js:51:5
ERR!     at _next0 (eval at create (C:\Users\jacka\vuewebsite\node_modules\tapable\lib\HookCodeFactory.js:33:10), <anonymous>:8:1)
ERR!     at eval (eval at create (C:\Users\jacka\vuewebsite\node_modules\tapable\lib\HookCodeFactory.js:33:10), <anonymous>:30:1)
ERR!     at C:\Users\jacka\vuewebsite\node_modules\enhanced-resolve\lib\Resolver.js:435:5
ERR!     at eval (eval at create (C:\Users\jacka\vuewebsite\node_modules\tapable\lib\HookCodeFactory.js:33:10), <anonymous>:16:1)
ERR!     at C:\Users\jacka\vuewebsite\node_modules\enhanced-resolve\lib\Resolver.js:435:5
ERR!     at eval (eval at create (C:\Users\jacka\vuewebsite\node_modules\tapable\lib\HookCodeFactory.js:33:10), <anonymous>:16:1)
ERR!     at C:\Users\jacka\vuewebsite\node_modules\enhanced-resolve\lib\Resolver.js:435:5
ERR!     at eval (eval at create (C:\Users\jacka\vuewebsite\node_modules\tapable\lib\HookCodeFactory.js:33:10), <anonymous>:27:1)
ERR!     at C:\Users\jacka\vuewebsite\node_modules\enhanced-resolve\lib\DescriptionFilePlugin.js:87:43
ERR!     at C:\Users\jacka\vuewebsite\node_modules\enhanced-resolve\lib\Resolver.js:435:5
ERR!     at eval (eval at create (C:\Users\jacka\vuewebsite\node_modules\tapable\lib\HookCodeFactory.js:33:10), <anonymous>:16:1)
ERR!     at C:\Users\jacka\vuewebsite\node_modules\enhanced-resolve\lib\Resolver.js:435:5
ERR!     at eval (eval at create (C:\Users\jacka\vuewebsite\node_modules\tapable\lib\HookCodeFactory.js:33:10), <anonymous>:15:1)
ERR!     at C:\Users\jacka\vuewebsite\node_modules\enhanced-resolve\lib\DirectoryExistsPlugin.js:41:15
ERR!     at process.processTicksAndRejections (node:internal/process/task_queues:81:21)
ERR!  ModuleNotFoundError: Module not found: Error: Can't resolve './button.css' in 'C:\Users\jacka\vuewebsite\src\components'
ERR!     at C:\Users\jacka\vuewebsite\node_modules\webpack\lib\Compilation.js:2016:28
ERR!     at C:\Users\jacka\vuewebsite\node_modules\webpack\lib\NormalModuleFactory.js:798:13
ERR!     at eval (eval at create (C:\Users\jacka\vuewebsite\node_modules\tapable\lib\HookCodeFactory.js:33:10), <anonymous>:10:1)
ERR!     at C:\Users\jacka\vuewebsite\node_modules\webpack\lib\NormalModuleFactory.js:270:22
ERR!     at eval (eval at create (C:\Users\jacka\vuewebsite\node_modules\tapable\lib\HookCodeFactory.js:33:10), <anonymous>:9:1)
ERR!     at C:\Users\jacka\vuewebsite\node_modules\webpack\lib\NormalModuleFactory.js:434:22
ERR!     at C:\Users\jacka\vuewebsite\node_modules\webpack\lib\NormalModuleFactory.js:116:11
ERR!     at C:\Users\jacka\vuewebsite\node_modules\webpack\lib\NormalModuleFactory.js:670:25
ERR!     at C:\Users\jacka\vuewebsite\node_modules\webpack\lib\NormalModuleFactory.js:855:8
ERR!     at C:\Users\jacka\vuewebsite\node_modules\webpack\lib\NormalModuleFactory.js:975:5
ERR!     at C:\Users\jacka\vuewebsite\node_modules\neo-async\async.js:6883:13
ERR!     at Array.<anonymous> (C:\Users\jacka\vuewebsite\node_modules\webpack\lib\NormalModuleFactory.js:950:14)
ERR!     at arrayEachFunc (C:\Users\jacka\vuewebsite\node_modules\neo-async\async.js:2517:19)
ERR!     at Object.parallel (C:\Users\jacka\vuewebsite\node_modules\neo-async\async.js:6858:9)
ERR!     at NormalModuleFactory._resolveResourceErrorHints (C:\Users\jacka\vuewebsite\node_modules\webpack\lib\NormalModuleFactory.js:873:12)
ERR!     at C:\Users\jacka\vuewebsite\node_modules\webpack\lib\NormalModuleFactory.js:834:18
ERR!     at finishWithoutResolve (C:\Users\jacka\vuewebsite\node_modules\enhanced-resolve\lib\Resolver.js:312:11)
ERR!     at C:\Users\jacka\vuewebsite\node_modules\enhanced-resolve\lib\Resolver.js:386:15
ERR!     at C:\Users\jacka\vuewebsite\node_modules\enhanced-resolve\lib\Resolver.js:435:5
ERR!     at eval (eval at create (C:\Users\jacka\vuewebsite\node_modules\tapable\lib\HookCodeFactory.js:33:10), <anonymous>:15:1)
ERR!     at C:\Users\jacka\vuewebsite\node_modules\enhanced-resolve\lib\Resolver.js:435:5
ERR!     at eval (eval at create (C:\Users\jacka\vuewebsite\node_modules\tapable\lib\HookCodeFactory.js:33:10), <anonymous>:27:1)
ERR!     at C:\Users\jacka\vuewebsite\node_modules\enhanced-resolve\lib\DescriptionFilePlugin.js:87:43
ERR!     at C:\Users\jacka\vuewebsite\node_modules\enhanced-resolve\lib\Resolver.js:435:5
ERR!     at eval (eval at create (C:\Users\jacka\vuewebsite\node_modules\tapable\lib\HookCodeFactory.js:33:10), <anonymous>:16:1)
ERR!     at C:\Users\jacka\vuewebsite\node_modules\enhanced-resolve\lib\forEachBail.js:16:12
ERR!     at C:\Users\jacka\vuewebsite\node_modules\enhanced-resolve\lib\AliasPlugin.js:125:14
ERR!     at next (C:\Users\jacka\vuewebsite\node_modules\enhanced-resolve\lib\forEachBail.js:14:3)
ERR!     at forEachBail (C:\Users\jacka\vuewebsite\node_modules\enhanced-resolve\lib\forEachBail.js:24:9)
ERR!     at C:\Users\jacka\vuewebsite\node_modules\enhanced-resolve\lib\AliasPlugin.js:51:5
ERR!     at _next0 (eval at create (C:\Users\jacka\vuewebsite\node_modules\tapable\lib\HookCodeFactory.js:33:10), <anonymous>:8:1)
ERR!     at eval (eval at create (C:\Users\jacka\vuewebsite\node_modules\tapable\lib\HookCodeFactory.js:33:10), <anonymous>:30:1)
ERR!     at C:\Users\jacka\vuewebsite\node_modules\enhanced-resolve\lib\Resolver.js:435:5
ERR!     at eval (eval at create (C:\Users\jacka\vuewebsite\node_modules\tapable\lib\HookCodeFactory.js:33:10), <anonymous>:16:1)
ERR!     at C:\Users\jacka\vuewebsite\node_modules\enhanced-resolve\lib\Resolver.js:435:5
ERR!     at eval (eval at create (C:\Users\jacka\vuewebsite\node_modules\tapable\lib\HookCodeFactory.js:33:10), <anonymous>:16:1)
ERR!     at C:\Users\jacka\vuewebsite\node_modules\enhanced-resolve\lib\Resolver.js:435:5
ERR!     at eval (eval at create (C:\Users\jacka\vuewebsite\node_modules\tapable\lib\HookCodeFactory.js:33:10), <anonymous>:27:1)
ERR!     at C:\Users\jacka\vuewebsite\node_modules\enhanced-resolve\lib\DescriptionFilePlugin.js:87:43
ERR!     at C:\Users\jacka\vuewebsite\node_modules\enhanced-resolve\lib\Resolver.js:435:5
ERR!     at eval (eval at create (C:\Users\jacka\vuewebsite\node_modules\tapable\lib\HookCodeFactory.js:33:10), <anonymous>:16:1)
ERR!     at C:\Users\jacka\vuewebsite\node_modules\enhanced-resolve\lib\Resolver.js:435:5
ERR!     at eval (eval at create (C:\Users\jacka\vuewebsite\node_modules\tapable\lib\HookCodeFactory.js:33:10), <anonymous>:15:1)
ERR!     at C:\Users\jacka\vuewebsite\node_modules\enhanced-resolve\lib\DirectoryExistsPlugin.js:41:15
ERR!     at process.processTicksAndRejections (node:internal/process/task_queues:81:21)
ERR! resolve './button.css' in 'C:\Users\jacka\vuewebsite\src\components'
ERR!   using description file: C:\Users\jacka\vuewebsite\package.json (relative path: ./src/components)
ERR!     Field 'browser' doesn't contain a valid alias configuration
ERR!     using description file: C:\Users\jacka\vuewebsite\package.json (relative path: ./src/components/button.css)
ERR!       no extension
ERR!         Field 'browser' doesn't contain a valid alias configuration
ERR!         C:\Users\jacka\vuewebsite\src\components\button.css doesn't exist
ERR!       .mjs
ERR!         Field 'browser' doesn't contain a valid alias configuration
ERR!         C:\Users\jacka\vuewebsite\src\components\button.css.mjs doesn't exist
ERR!       .js
ERR!         Field 'browser' doesn't contain a valid alias configuration
ERR!         C:\Users\jacka\vuewebsite\src\components\button.css.js doesn't exist
ERR!       .jsx
ERR!         Field 'browser' doesn't contain a valid alias configuration
ERR!         C:\Users\jacka\vuewebsite\src\components\button.css.jsx doesn't exist
ERR!       .ts
ERR!         Field 'browser' doesn't contain a valid alias configuration
ERR!         C:\Users\jacka\vuewebsite\src\components\button.css.ts doesn't exist
ERR!       .tsx
ERR!         Field 'browser' doesn't contain a valid alias configuration
ERR!         C:\Users\jacka\vuewebsite\src\components\button.css.tsx doesn't exist
ERR!       .json
ERR!         Field 'browser' doesn't contain a valid alias configuration
ERR!         C:\Users\jacka\vuewebsite\src\components\button.css.json doesn't exist
ERR!       .cjs
ERR!         Field 'browser' doesn't contain a valid alias configuration
ERR!         C:\Users\jacka\vuewebsite\src\components\button.css.cjs doesn't exist
ERR!       .vue
ERR!         Field 'browser' doesn't contain a valid alias configuration
ERR!         C:\Users\jacka\vuewebsite\src\components\button.css.vue doesn't exist
ERR!       as directory
ERR!         C:\Users\jacka\vuewebsite\src\components\button.css doesn't exist
info => Loading presets
